00:20:16: Creating resource group General
00:20:16: Creating resource group OgreInternal
00:20:16: Creating resource group OgreAutodetect
00:20:16: SceneManagerFactory for type 'DefaultSceneManager' registered.
00:20:16: Registering ResourceManager for type Material
00:20:16: Registering ResourceManager for type Mesh
00:20:16: Registering ResourceManager for type Skeleton
00:20:16: MovableObjectFactory for type 'ParticleSystem' registered.
00:20:16: ArchiveFactory for archive type FileSystem registered.
00:20:16: ArchiveFactory for archive type Zip registered.
00:20:16: ArchiveFactory for archive type EmbeddedZip registered.
00:20:16: DDS codec registering
00:20:16: ETC codec registering
00:20:16: Registering ResourceManager for type HighLevelGpuProgram
00:20:16: Registering ResourceManager for type Compositor
00:20:16: MovableObjectFactory for type 'Entity' registered.
00:20:16: MovableObjectFactory for type 'Light' registered.
00:20:16: MovableObjectFactory for type 'BillboardSet' registered.
00:20:16: MovableObjectFactory for type 'ManualObject' registered.
00:20:16: MovableObjectFactory for type 'BillboardChain' registered.
00:20:16: MovableObjectFactory for type 'RibbonTrail' registered.
00:20:16: automatic plugin loading disabled: Cannot open file: plugins_d.cfg
00:20:16: *-*-* OGRE Initialising
00:20:16: *-*-* Version 1.12.5 (Rhagorthua)
00:20:16: stb_image - v2.23 - public domain image loader
00:20:16: Supported formats: jpeg,jpg,png,bmp,psd,tga,gif,pic,ppm,pgm,hdr
